<?xml version="1.0" encoding="UTF-8"?>
<!-- Generated by org.testng.reporters.JUnitReportReporter -->
<testsuite skipped="0" hostname="venkat-PC" name="dailyChallenge.brokenImage" tests="1" failures="0" timestamp="26 Mar 2018 18:11:35 GMT" time="17.760" errors="0">
  <testcase name="setUp" time="17.760" classname="dailyChallenge.brokenImage"/>
</testsuite> <!-- dailyChallenge.brokenImage -->
