<?xml version="1.0" encoding="UTF-8"?>
<!-- Generated by org.testng.reporters.JUnitReportReporter -->
<testsuite skipped="0" hostname="venkat-PC" name="dailyChallenge.brokenLink" tests="1" failures="0" timestamp="26 Mar 2018 17:58:21 GMT" time="95.231" errors="0">
  <testcase name="main" time="95.231" classname="dailyChallenge.brokenLink"/>
</testsuite> <!-- dailyChallenge.brokenLink -->
