<?xml version="1.0" encoding="UTF-8"?>
<!-- Generated by org.testng.reporters.JUnitReportReporter -->
<testsuite skipped="0" hostname="venkat-PC" name="strings.CountDuplicates" tests="1" failures="0" timestamp="22 Apr 2018 03:59:58 GMT" time="0.018" errors="0">
  <testcase name="duplicates" time="0.018" classname="strings.CountDuplicates"/>
</testsuite> <!-- strings.CountDuplicates -->
