<?xml version="1.0" encoding="UTF-8"?>
<!-- Generated by org.testng.reporters.JUnitReportReporter -->
<testsuite skipped="0" hostname="venkat-PC" name="week2.EditLeadSeM" tests="1" failures="0" timestamp="07 Apr 2018 16:50:37 GMT" time="45.245" errors="0">
  <testcase name="edit" time="45.245" classname="week2.EditLeadSeM"/>
</testsuite> <!-- week2.EditLeadSeM -->
