<?xml version="1.0" encoding="UTF-8"?>
<!-- Generated by org.testng.reporters.JUnitReportReporter -->
<testsuite skipped="0" hostname="venkat-PC" name="guru99.EditCustomer" tests="1" failures="0" timestamp="03 Apr 2018 19:34:41 GMT" time="26.142" errors="0">
  <testcase name="edit" time="26.142" classname="guru99.EditCustomer"/>
</testsuite> <!-- guru99.EditCustomer -->
