<?xml version="1.0" encoding="UTF-8"?>
<!-- Generated by org.testng.reporters.JUnitReportReporter -->
<testsuite skipped="0" hostname="venkat-PC" name="guru99.Login" tests="1" failures="0" timestamp="03 Apr 2018 17:32:01 GMT" time="57.816" errors="0">
  <testcase name="accessLogin" time="57.816" classname="guru99.Login"/>
</testsuite> <!-- guru99.Login -->
