<?xml version="1.0" encoding="UTF-8"?>
<!-- Generated by org.testng.reporters.JUnitReportReporter -->
<testsuite skipped="0" hostname="venkat-PC" name="week3.TestCaseAccount" tests="1" failures="0" timestamp="31 Mar 2018 14:37:18 GMT" time="64.114" errors="0">
  <testcase name="create" time="64.114" classname="week3.TestCaseAccount"/>
</testsuite> <!-- week3.TestCaseAccount -->
