<?xml version="1.0" encoding="UTF-8"?>
<!-- Generated by org.testng.reporters.JUnitReportReporter -->
<testsuite skipped="0" hostname="venkat-PC" name="strings.UpdateString" tests="1" failures="0" timestamp="22 Apr 2018 04:06:02 GMT" time="0.024" errors="0">
  <testcase name="update" time="0.024" classname="strings.UpdateString"/>
</testsuite> <!-- strings.UpdateString -->
