<?xml version="1.0" encoding="UTF-8"?>
<!-- Generated by org.testng.reporters.JUnitReportReporter -->
<testsuite skipped="0" hostname="venkat-PC" name="week2.DeleteSeM" tests="1" failures="0" timestamp="07 Apr 2018 16:50:37 GMT" time="73.878" errors="0">
  <testcase name="delete" time="73.878" classname="week2.DeleteSeM"/>
</testsuite> <!-- week2.DeleteSeM -->
