<?xml version="1.0" encoding="UTF-8"?>
<!-- Generated by org.testng.reporters.JUnitReportReporter -->
<testsuite skipped="0" hostname="venkat-PC" name="week4.Reports" tests="1" failures="0" timestamp="31 Mar 2018 04:05:30 GMT" time="18.795" errors="0">
  <testcase name="learnReport" time="18.795" classname="week4.Reports"/>
</testsuite> <!-- week4.Reports -->
