<?xml version="1.0" encoding="UTF-8"?>
<!-- Generated by org.testng.reporters.JUnitReportReporter -->
<testsuite skipped="0" hostname="venkat-PC" name="guru99.ReportsLogin" tests="1" failures="0" timestamp="03 Apr 2018 18:28:40 GMT" time="1.501" errors="0">
  <testcase name="loginReport" time="1.501" classname="guru99.ReportsLogin"/>
</testsuite> <!-- guru99.ReportsLogin -->
